<?xml version="1.0" encoding="UTF-8"?>
<!-- Generated by org.testng.reporters.JUnitReportReporter -->
<testsuite skipped="0" hostname="User-PC" name="myproject.one" tests="3" failures="0" timestamp="18 Jun 2019 16:51:39 GMT" time="0.053" errors="0">
  <testcase name="rock" time="0.001" classname="myproject.one"/>
  <testcase name="Auto" time="0.051" classname="myproject.one"/>
  <testcase name="van" time="0.001" classname="myproject.one"/>
</testsuite> <!-- myproject.one -->
