<?xml version="1.0" encoding="UTF-8"?>
<!-- Generated by org.testng.reporters.JUnitReportReporter -->
<testsuite skipped="0" hostname="User-PC" name="myproject.one" tests="1" failures="0" timestamp="05 Jun 2019 09:05:17 GMT" time="0.002" errors="0">
  <testcase name="van" time="0.002" classname="myproject.one"/>
</testsuite> <!-- myproject.one -->
